Stockfish 030426 by the Stockfish developers (see AUTHORS file)
id name Stockfish 030426
id author the Stockfish developers (see AUTHORS file)

option name Debug Log File type string default 
option name Threads type spin default 1 min 1 max 512
option name Hash type spin default 16 min 1 max 33554432
option name Clear Hash type button
option name Ponder type check default false
option name MultiPV type spin default 1 min 1 max 500
option name Skill Level type spin default 20 min 0 max 20
option name Move Overhead type spin default 10 min 0 max 5000
option name Slow Mover type spin default 100 min 10 max 1000
option name nodestime type spin default 0 min 0 max 10000
option name UCI_Chess960 type check default false
option name UCI_AnalyseMode type check default false
option name UCI_LimitStrength type check default false
option name UCI_Elo type spin default 1350 min 1350 max 2850
option name UCI_ShowWDL type check default false
option name SyzygyPath type string default <empty>
option name SyzygyProbeDepth type spin default 1 min 1 max 100
option name Syzygy50MoveRule type check default true
option name SyzygyProbeLimit type spin default 7 min 0 max 7
option name Use NNUE type combo default true var true var false var pure
option name EvalFile type string default nn-3c0aa92af1da.nnue
option name SkipLoadingEval type check default false
option name EvalSaveDir type string default evalsave
option name PruneAtShallowDepth type check default true
option name EnableTranspositionTable type check default true
uciok
readyok
INFO: Executing generate_training_data command
INFO: Parameters:
  - search_depth_min       = 12
  - search_depth_max       = 12
  - nodes                  = 0
  - count                  = 500000000
  - max_time_seconds       = 8000000000
  - eval_limit             = 3000
  - num threads (UCI)      = 12
  - random_move_min_ply    = 1
  - random_move_max_ply    = 24
  - random_move_count      = 8
  - random_move_like_apery = 0
  - random_multi_pv        = 4
  - random_multi_pv_diff   = 50
  - random_multi_pv_depth  = 4
  - random_multi_pv_nodes  = 0
  - write_min_ply          = 16
  - write_max_ply          = 400
  - book                   = 
  - output_file_name       = /home/cengizsezer/Workspace/tigerfish/training/data/tiger_train_002.binpack
  - save_every             = 18446744073709551615
  - random_file_name       = 0
  - write_drawn_games      = 1
  - draw by low score      = 1
  - draw by insuff. mat.   = 1
info string NNUE evaluation using nn-3c0aa92af1da.nnue enabled
INFO (sfen_writer): Creating new data file at /home/cengizsezer/Workspace/tigerfish/training/data/tiger_train_002.binpack
PRNG::seed = 6d324468f3602e96

0 sfens, at Mon Apr  6 02:47:35 2026
........................................
200000 sfens, 371 sfens/second, at Mon Apr  6 02:56:33 2026
